<?xml version="1.0" encoding="UTF-8"?>
<!-- Generated by org.testng.reporters.JUnitXMLReporter -->
<testsuite ignored="0" hostname="Vallivedu-Laptop" failures="0" tests="14" name="Test" time="18.252" errors="0" timestamp="2022-09-15T18:32:47 IST">
  <testcase classname="TestCases.Post_create" name="POST" time="2.259"/>
  <testcase classname="TestCases.Post_login_success" name="POST" time="1.196"/>
  <testcase classname="TestCases.Post_login_unsuccess" name="POST" time="2.487"/>
  <testcase classname="TestCases.Post_register_success" name="POST" time="1.11"/>
  <testcase classname="TestCases.Post_register_unsuccess" name="POST" time="1.026"/>
  <testcase classname="TestCases.Get_list_users" name="GET" time="0.577"/>
  <testcase classname="TestCases.Get_single_user" name="GET" time="0.537"/>
  <testcase classname="TestCases.Get_single_user_notfound" name="GET" time="0.567"/>
  <testcase classname="TestCases.Get_list_resource" name="GET" time="0.554"/>
  <testcase classname="TestCases.Get_single_resource" name="GET" time="0.623"/>
  <testcase classname="TestCases.Get_single_resource_notfound" name="GET" time="0.589"/>
  <testcase classname="TestCases.Get_delayed_response" name="GET" time="3.954"/>
  <testcase classname="TestCases.Put_update_user_Patch" name="PUT" time="1.397"/>
  <testcase classname="TestCases.Delete_user" name="delete" time="1.339"/>
</testsuite> <!-- Test -->
