<?xml version="1.0" encoding="UTF-8"?>
<!-- Generated by org.testng.reporters.JUnitXMLReporter -->
<testsuite ignored="0" hostname="Vallivedu-Laptop" failures="0" tests="21" name="Test" time="24.939" errors="0" timestamp="2022-09-19T16:21:24 IST">
  <testcase classname="TestCases.Post_create" name="POST" time="2.134"/>
  <testcase classname="TestCases.Post_login_unsuccess_Td018" name="POST" time="1.049"/>
  <testcase classname="TestCases.Post_login_success" name="POST" time="0.964"/>
  <testcase classname="TestCases.Post_register_success" name="POST" time="1.0"/>
  <testcase classname="TestCases.Post_register_unsuccess" name="POST" time="1.44"/>
  <testcase classname="TestCases.Get_list_users" name="GET" time="1.065"/>
  <testcase classname="TestCases.Get_single_user" name="GET" time="0.604"/>
  <testcase classname="TestCases.Get_single_user_notfound" name="GET" time="0.553"/>
  <testcase classname="TestCases.Get_list_resource" name="GET" time="0.596"/>
  <testcase classname="TestCases.Get_single_resource" name="GET" time="0.586"/>
  <testcase classname="TestCases.Get_single_resource_notfound" name="GET" time="0.912"/>
  <testcase classname="TestCases.Get_delayed_response" name="GET" time="3.904"/>
  <testcase classname="TestCases.Put_update_user_Patch" name="PUT" time="1.11"/>
  <testcase classname="TestCases.Patch_invalid" name="patch_invalid" time="1.016"/>
  <testcase classname="TestCases.Delete_Invalid" name="delete_invalid" time="1.264"/>
  <testcase classname="TestCases.Delete_user" name="delete" time="0.98"/>
  <testcase classname="TestCases.Post_login_unsuccess_Td013" name="Td013" time="1.003"/>
  <testcase classname="TestCases.Post_login_unsuccess_Td014" name="Td014" time="1.1"/>
  <testcase classname="TestCases.Post_login_unsuccess_Td015" name="Td015" time="1.048"/>
  <testcase classname="TestCases.Post_login_unsuccess_Td016" name="Td016" time="1.313"/>
  <testcase classname="TestCases.Post_login_unsuccess_Td017" name="Td017" time="1.237"/>
</testsuite> <!-- Test -->
