<?xml version="1.0" encoding="UTF-8"?>
<testng-results ignored="0" total="1" passed="1" failed="0" skipped="0">
  <reporter-output>
  </reporter-output>
  <suite started-at="2022-09-15T18:43:48 IST" name="Default suite" finished-at="2022-09-15T18:43:50 IST" duration-ms="2566">
    <groups>
    </groups>
    <test started-at="2022-09-15T18:43:48 IST" name="Default test" finished-at="2022-09-15T18:43:50 IST" duration-ms="2566">
      <class name="TestCases.Put_update_user_Patch">
        <test-method signature="PUT()[pri:0, instance:TestCases.Put_update_user_Patch@2b91004a]" started-at="2022-09-15T18:43:48 IST" name="PUT" finished-at="2022-09-15T18:43:50 IST" duration-ms="2541" status="PASS">
          <reporter-output>
          </reporter-output>
        </test-method> <!-- PUT -->
      </class> <!-- TestCases.Put_update_user_Patch -->
    </test> <!-- Default test -->
  </suite> <!-- Default suite -->
</testng-results>
