<?xml version="1.0" encoding="UTF-8"?>
<testng-results ignored="0" total="21" passed="21" failed="0" skipped="0">
  <reporter-output>
  </reporter-output>
  <suite started-at="2022-09-19T16:20:59 IST" name="Suite" finished-at="2022-09-19T16:21:24 IST" duration-ms="24939">
    <groups>
    </groups>
    <test started-at="2022-09-19T16:20:59 IST" name="Test" finished-at="2022-09-19T16:21:24 IST" duration-ms="24939">
      <class name="TestCases.Get_single_user">
        <test-method signature="GET()[pri:0, instance:TestCases.Get_single_user@729d991e]" started-at="2022-09-19T16:21:07 IST" name="GET" finished-at="2022-09-19T16:21:07 IST" duration-ms="604" status="PASS">
          <reporter-output>
          </reporter-output>
        </test-method> <!-- GET -->
      </class> <!-- TestCases.Get_single_user -->
      <class name="TestCases.Post_login_unsuccess_Td018">
        <test-method signature="POST()[pri:0, instance:TestCases.Post_login_unsuccess_Td018@53ce1329]" started-at="2022-09-19T16:21:01 IST" name="POST" finished-at="2022-09-19T16:21:02 IST" duration-ms="1049" status="PASS">
          <reporter-output>
          </reporter-output>
        </test-method> <!-- POST -->
      </class> <!-- TestCases.Post_login_unsuccess_Td018 -->
      <class name="TestCases.Post_login_unsuccess_Td016">
        <test-method signature="Td016()[pri:0, instance:TestCases.Post_login_unsuccess_Td016@12aba8be]" started-at="2022-09-19T16:21:21 IST" name="Td016" finished-at="2022-09-19T16:21:23 IST" duration-ms="1313" status="PASS">
          <reporter-output>
          </reporter-output>
        </test-method> <!-- Td016 -->
      </class> <!-- TestCases.Post_login_unsuccess_Td016 -->
      <class name="TestCases.Get_single_user_notfound">
        <test-method signature="GET()[pri:0, instance:TestCases.Get_single_user_notfound@32502377]" started-at="2022-09-19T16:21:07 IST" name="GET" finished-at="2022-09-19T16:21:08 IST" duration-ms="553" status="PASS">
          <reporter-output>
          </reporter-output>
        </test-method> <!-- GET -->
      </class> <!-- TestCases.Get_single_user_notfound -->
      <class name="TestCases.Get_single_resource_notfound">
        <test-method signature="GET()[pri:0, instance:TestCases.Get_single_resource_notfound@66f57048]" started-at="2022-09-19T16:21:09 IST" name="GET" finished-at="2022-09-19T16:21:10 IST" duration-ms="912" status="PASS">
          <reporter-output>
          </reporter-output>
        </test-method> <!-- GET -->
      </class> <!-- TestCases.Get_single_resource_notfound -->
      <class name="TestCases.Post_login_unsuccess_Td017">
        <test-method signature="Td017()[pri:0, instance:TestCases.Post_login_unsuccess_Td017@290222c1]" started-at="2022-09-19T16:21:23 IST" name="Td017" finished-at="2022-09-19T16:21:24 IST" duration-ms="1237" status="PASS">
          <reporter-output>
          </reporter-output>
        </test-method> <!-- Td017 -->
      </class> <!-- TestCases.Post_login_unsuccess_Td017 -->
      <class name="TestCases.Delete_Invalid">
        <test-method signature="delete_invalid()[pri:0, instance:TestCases.Delete_Invalid@7bab3f1a]" started-at="2022-09-19T16:21:16 IST" name="delete_invalid" finished-at="2022-09-19T16:21:17 IST" duration-ms="1264" status="PASS">
          <reporter-output>
          </reporter-output>
        </test-method> <!-- delete_invalid -->
      </class> <!-- TestCases.Delete_Invalid -->
      <class name="TestCases.Post_login_unsuccess_Td014">
        <test-method signature="Td014()[pri:0, instance:TestCases.Post_login_unsuccess_Td014@1e1a0406]" started-at="2022-09-19T16:21:19 IST" name="Td014" finished-at="2022-09-19T16:21:20 IST" duration-ms="1100" status="PASS">
          <reporter-output>
          </reporter-output>
        </test-method> <!-- Td014 -->
      </class> <!-- TestCases.Post_login_unsuccess_Td014 -->
      <class name="TestCases.Post_login_unsuccess_Td015">
        <test-method signature="Td015()[pri:0, instance:TestCases.Post_login_unsuccess_Td015@3cebbb30]" started-at="2022-09-19T16:21:20 IST" name="Td015" finished-at="2022-09-19T16:21:21 IST" duration-ms="1048" status="PASS">
          <reporter-output>
          </reporter-output>
        </test-method> <!-- Td015 -->
      </class> <!-- TestCases.Post_login_unsuccess_Td015 -->
      <class name="TestCases.Post_login_success">
        <test-method signature="POST()[pri:0, instance:TestCases.Post_login_success@316bcf94]" started-at="2022-09-19T16:21:02 IST" name="POST" finished-at="2022-09-19T16:21:03 IST" duration-ms="964" status="PASS">
          <reporter-output>
          </reporter-output>
        </test-method> <!-- POST -->
      </class> <!-- TestCases.Post_login_success -->
      <class name="TestCases.Post_register_unsuccess">
        <test-method signature="POST()[pri:0, instance:TestCases.Post_register_unsuccess@3e11f9e9]" started-at="2022-09-19T16:21:04 IST" name="POST" finished-at="2022-09-19T16:21:06 IST" duration-ms="1440" status="PASS">
          <reporter-output>
          </reporter-output>
        </test-method> <!-- POST -->
      </class> <!-- TestCases.Post_register_unsuccess -->
      <class name="TestCases.Post_login_unsuccess_Td013">
        <test-method signature="Td013()[pri:0, instance:TestCases.Post_login_unsuccess_Td013@23c30a20]" started-at="2022-09-19T16:21:18 IST" name="Td013" finished-at="2022-09-19T16:21:19 IST" duration-ms="1003" status="PASS">
          <reporter-output>
          </reporter-output>
        </test-method> <!-- Td013 -->
      </class> <!-- TestCases.Post_login_unsuccess_Td013 -->
      <class name="TestCases.Delete_user">
        <test-method signature="delete()[pri:0, instance:TestCases.Delete_user@437da279]" started-at="2022-09-19T16:21:17 IST" name="delete" finished-at="2022-09-19T16:21:18 IST" duration-ms="980" status="PASS">
          <reporter-output>
          </reporter-output>
        </test-method> <!-- delete -->
      </class> <!-- TestCases.Delete_user -->
      <class name="TestCases.Patch_invalid">
        <test-method signature="patch_invalid()[pri:0, instance:TestCases.Patch_invalid@36916eb0]" started-at="2022-09-19T16:21:15 IST" name="patch_invalid" finished-at="2022-09-19T16:21:16 IST" duration-ms="1016" status="PASS">
          <reporter-output>
          </reporter-output>
        </test-method> <!-- patch_invalid -->
      </class> <!-- TestCases.Patch_invalid -->
      <class name="TestCases.Get_list_users">
        <test-method signature="GET()[pri:0, instance:TestCases.Get_list_users@1de5f259]" started-at="2022-09-19T16:21:06 IST" name="GET" finished-at="2022-09-19T16:21:07 IST" duration-ms="1065" status="PASS">
          <reporter-output>
          </reporter-output>
        </test-method> <!-- GET -->
      </class> <!-- TestCases.Get_list_users -->
      <class name="TestCases.Post_create">
        <test-method signature="POST()[pri:0, instance:TestCases.Post_create@306e95ec]" started-at="2022-09-19T16:20:59 IST" name="POST" finished-at="2022-09-19T16:21:01 IST" duration-ms="2134" status="PASS">
          <reporter-output>
          </reporter-output>
        </test-method> <!-- POST -->
      </class> <!-- TestCases.Post_create -->
      <class name="TestCases.Put_update_user_Patch">
        <test-method signature="PUT()[pri:0, instance:TestCases.Put_update_user_Patch@21282ed8]" started-at="2022-09-19T16:21:14 IST" name="PUT" finished-at="2022-09-19T16:21:15 IST" duration-ms="1110" status="PASS">
          <reporter-output>
          </reporter-output>
        </test-method> <!-- PUT -->
      </class> <!-- TestCases.Put_update_user_Patch -->
      <class name="TestCases.Get_delayed_response">
        <test-method signature="GET()[pri:0, instance:TestCases.Get_delayed_response@550dbc7a]" started-at="2022-09-19T16:21:10 IST" name="GET" finished-at="2022-09-19T16:21:14 IST" duration-ms="3904" status="PASS">
          <reporter-output>
          </reporter-output>
        </test-method> <!-- GET -->
      </class> <!-- TestCases.Get_delayed_response -->
      <class name="TestCases.Get_list_resource">
        <test-method signature="GET()[pri:0, instance:TestCases.Get_list_resource@2c1b194a]" started-at="2022-09-19T16:21:08 IST" name="GET" finished-at="2022-09-19T16:21:09 IST" duration-ms="596" status="PASS">
          <reporter-output>
          </reporter-output>
        </test-method> <!-- GET -->
      </class> <!-- TestCases.Get_list_resource -->
      <class name="TestCases.Post_register_success">
        <test-method signature="POST()[pri:0, instance:TestCases.Post_register_success@6404f418]" started-at="2022-09-19T16:21:03 IST" name="POST" finished-at="2022-09-19T16:21:04 IST" duration-ms="1000" status="PASS">
          <reporter-output>
          </reporter-output>
        </test-method> <!-- POST -->
      </class> <!-- TestCases.Post_register_success -->
      <class name="TestCases.Get_single_resource">
        <test-method signature="GET()[pri:0, instance:TestCases.Get_single_resource@4dbb42b7]" started-at="2022-09-19T16:21:09 IST" name="GET" finished-at="2022-09-19T16:21:09 IST" duration-ms="586" status="PASS">
          <reporter-output>
          </reporter-output>
        </test-method> <!-- GET -->
      </class> <!-- TestCases.Get_single_resource -->
    </test> <!-- Test -->
  </suite> <!-- Suite -->
</testng-results>
